<?xml version="1.0" encoding="UTF-8"?>
<testng-results skipped="0" failed="0" ignored="0" total="1" passed="1">
  <reporter-output>
  </reporter-output>
  <suite name="Suite" duration-ms="7913" started-at="2020-02-14T05:16:54Z" finished-at="2020-02-14T05:17:02Z">
    <groups>
    </groups>
    <test name="Test" duration-ms="7913" started-at="2020-02-14T05:16:54Z" finished-at="2020-02-14T05:17:02Z">
      <class name="webdriverJenkins.Test1">
        <test-method status="PASS" signature="beforeTest()[pri:0, instance:webdriverJenkins.Test1@1e88b3c]" name="beforeTest" duration-ms="7869" started-at="2020-02-14T05:16:54Z" finished-at="2020-02-14T05:17:02Z">
          <reporter-output>
          </reporter-output>
        </test-method> <!-- beforeTest -->
      </class> <!-- webdriverJenkins.Test1 -->
    </test> <!-- Test -->
  </suite> <!-- Suite -->
</testng-results>
